<?xml version="1.0" encoding="UTF-8"?>
<testsuite xmlns:xsi="http://www.w3.org/2001/XMLSchema-instance" xsi:noNamespaceSchemaLocation="https://maven.apache.org/surefire/maven-surefire-plugin/xsd/surefire-test-report-3.0.xsd" version="3.0" name="TestSuite" time="171.081" tests="19" errors="0" skipped="0" failures="4">
  <properties>
[...]
</properties>
  <testcase name="homePageRedirection" classname="com.chauhan.Saurabh.HomePagetestscripts" time="0.072"/>
  <testcase name="validateProductAvilability" classname="com.chauhan.Saurabh.HomePagetestscripts" time="8.976">
    <failure message="no such element: Unable to locate element: {&quot;method&quot;:&quot;xpath&quot;,&quot;selector&quot;:&quot;//a[text()=&apos;Matrox G200 MMS&apos;]&quot;}&#10;  (Session info: chrome=77.0.3865.90)&#10;For documentation on this error, please visit: https://www.seleniumhq.org/exceptions/no_such_element.html&#10;Build info: version: &apos;3.141.59&apos;, revision: &apos;e82be7d358&apos;, time: &apos;2018-11-14T08:17:03&apos;&#10;System info: host: &apos;ATMECSINLT-038&apos;, ip: &apos;55.55.52.193&apos;, os.name: &apos;Windows 10&apos;, os.arch: &apos;amd64&apos;, os.version: &apos;10.0&apos;, java.version: &apos;12.0.1&apos;&#10;Driver info: org.openqa.selenium.chrome.ChromeDriver&#10;Capabilities {acceptInsecureCerts: false, browserName: chrome, browserVersion: 77.0.3865.90, chrome: {chromedriverVersion: 77.0.3865.40 (f484704e052e0..., userDataDir: C:\Users\SAURAB~1.CHA\AppDa...}, goog:chromeOptions: {debuggerAddress: localhost:53006}, javascriptEnabled: true, networkConnectionEnabled: false, pageLoadStrategy: normal, platform: XP, platformName: XP, proxy: Proxy(), setWindowRect: true, strictFileInteractability: false, timeouts: {implicit: 0, pageLoad: 300000, script: 30000}, unhandledPromptBehavior: dismiss and notify}&#10;Session ID: 641980fec02917ae91cacd0938a73917&#10;*** Element info: {Using=xpath, value=//a[text()=&apos;Matrox G200 MMS&apos;]}" type="org.openqa.selenium.NoSuchElementException">org.openqa.selenium.NoSuchElementException: 
no such element: Unable to locate element: {"method":"xpath","selector":"//a[text()='Matrox G200 MMS']"}
  (Session info: chrome=77.0.3865.90)
For documentation on this error, please visit: https://www.seleniumhq.org/exceptions/no_such_element.html
Build info: version: '3.141.59', revision: 'e82be7d358', time: '2018-11-14T08:17:03'
System info: host: 'ATMECSINLT-038', ip: '55.55.52.193', os.name: 'Windows 10', os.arch: 'amd64', os.version: '10.0', java.version: '12.0.1'
Driver info: org.openqa.selenium.chrome.ChromeDriver
Capabilities {acceptInsecureCerts: false, browserName: chrome, browserVersion: 77.0.3865.90, chrome: {chromedriverVersion: 77.0.3865.40 (f484704e052e0..., userDataDir: C:\Users\SAURAB~1.CHA\AppDa...}, goog:chromeOptions: {debuggerAddress: localhost:53006}, javascriptEnabled: true, networkConnectionEnabled: false, pageLoadStrategy: normal, platform: XP, platformName: XP, proxy: Proxy(), setWindowRect: true, strictFileInteractability: false, timeouts: {implicit: 0, pageLoad: 300000, script: 30000}, unhandledPromptBehavior: dismiss and notify}
Session ID: 641980fec02917ae91cacd0938a73917
*** Element info: {Using=xpath, value=//a[text()='Matrox G200 MMS']}
	at com.chauhan.Saurabh.HomePagetestscripts.validateProductAvilability(HomePagetestscripts.java:59)
</failure>
    <system-out><![CDATA[4
3
Computer Peripherals
graphics Cards
Matrox G200 MMS
Computer Peripherals
graphics card
Matrox G200 MMS
Games
call Of DUTY
Call Of Duty
Software
windows 8
Windows 8
CSS;select#top-cat-list
CSS;select#top-cat-list
CSS
select#top-cat-list
css
CSS;input#search-input
CSS
input#search-input
css
CSS;a#search-button
CSS
a#search-button
css
CSS;a#search-button
CSS
a#search-button
css
XPATH;//a[text()='Matrox G200 MMS']
XPATH
//a[text()='Matrox G200 MMS']
xpath
]]></system-out>
  </testcase>
  <testcase name="validateProductAvilability" classname="com.chauhan.Saurabh.HomePagetestscripts" time="8.308">
    <failure message="no such element: Unable to locate element: {&quot;method&quot;:&quot;xpath&quot;,&quot;selector&quot;:&quot;//a[text()=&apos;Matrox G200 MMS&apos;]&quot;}&#10;  (Session info: chrome=77.0.3865.90)&#10;For documentation on this error, please visit: https://www.seleniumhq.org/exceptions/no_such_element.html&#10;Build info: version: &apos;3.141.59&apos;, revision: &apos;e82be7d358&apos;, time: &apos;2018-11-14T08:17:03&apos;&#10;System info: host: &apos;ATMECSINLT-038&apos;, ip: &apos;55.55.52.193&apos;, os.name: &apos;Windows 10&apos;, os.arch: &apos;amd64&apos;, os.version: &apos;10.0&apos;, java.version: &apos;12.0.1&apos;&#10;Driver info: org.openqa.selenium.chrome.ChromeDriver&#10;Capabilities {acceptInsecureCerts: false, browserName: chrome, browserVersion: 77.0.3865.90, chrome: {chromedriverVersion: 77.0.3865.40 (f484704e052e0..., userDataDir: C:\Users\SAURAB~1.CHA\AppDa...}, goog:chromeOptions: {debuggerAddress: localhost:53006}, javascriptEnabled: true, networkConnectionEnabled: false, pageLoadStrategy: normal, platform: XP, platformName: XP, proxy: Proxy(), setWindowRect: true, strictFileInteractability: false, timeouts: {implicit: 0, pageLoad: 300000, script: 30000}, unhandledPromptBehavior: dismiss and notify}&#10;Session ID: 641980fec02917ae91cacd0938a73917&#10;*** Element info: {Using=xpath, value=//a[text()=&apos;Matrox G200 MMS&apos;]}" type="org.openqa.selenium.NoSuchElementException">org.openqa.selenium.NoSuchElementException: 
no such element: Unable to locate element: {"method":"xpath","selector":"//a[text()='Matrox G200 MMS']"}
  (Session info: chrome=77.0.3865.90)
For documentation on this error, please visit: https://www.seleniumhq.org/exceptions/no_such_element.html
Build info: version: '3.141.59', revision: 'e82be7d358', time: '2018-11-14T08:17:03'
System info: host: 'ATMECSINLT-038', ip: '55.55.52.193', os.name: 'Windows 10', os.arch: 'amd64', os.version: '10.0', java.version: '12.0.1'
Driver info: org.openqa.selenium.chrome.ChromeDriver
Capabilities {acceptInsecureCerts: false, browserName: chrome, browserVersion: 77.0.3865.90, chrome: {chromedriverVersion: 77.0.3865.40 (f484704e052e0..., userDataDir: C:\Users\SAURAB~1.CHA\AppDa...}, goog:chromeOptions: {debuggerAddress: localhost:53006}, javascriptEnabled: true, networkConnectionEnabled: false, pageLoadStrategy: normal, platform: XP, platformName: XP, proxy: Proxy(), setWindowRect: true, strictFileInteractability: false, timeouts: {implicit: 0, pageLoad: 300000, script: 30000}, unhandledPromptBehavior: dismiss and notify}
Session ID: 641980fec02917ae91cacd0938a73917
*** Element info: {Using=xpath, value=//a[text()='Matrox G200 MMS']}
	at com.chauhan.Saurabh.HomePagetestscripts.validateProductAvilability(HomePagetestscripts.java:59)
</failure>
    <system-out><![CDATA[CSS;select#top-cat-list
CSS;select#top-cat-list
CSS
select#top-cat-list
css
CSS;input#search-input
CSS
input#search-input
css
CSS;a#search-button
CSS
a#search-button
css
CSS;a#search-button
CSS
a#search-button
css
XPATH;//a[text()='Matrox G200 MMS']
XPATH
//a[text()='Matrox G200 MMS']
xpath
]]></system-out>
  </testcase>
  <testcase name="validateProductAvilability" classname="com.chauhan.Saurabh.HomePagetestscripts" time="3.915"/>
  <testcase name="validateProductAvilability" classname="com.chauhan.Saurabh.HomePagetestscripts" time="2.025"/>
  <testcase name="validateErrorMessage" classname="com.chauhan.Saurabh.HomePagetestscripts" time="1.628"/>
  <testcase name="validateErrorMessage" classname="com.chauhan.Saurabh.HomePagetestscripts" time="1.797"/>
  <testcase name="homePageRedirection" classname="com.chauhan.Saurabh.HeroImageProducttestscripts" time="0.069">
    <failure message="expected [null] but found [KonaKart]" type="java.lang.AssertionError">java.lang.AssertionError: expected [null] but found [KonaKart]
	at com.chauhan.Saurabh.HeroImageProducttestscripts.homePageRedirection(HeroImageProducttestscripts.java:43)
</failure>
    <system-out><![CDATA[browser is chrome
10-14-2019 18:31:55 HeroImageProducttestscripts.java INFO  [main] Saurabh.HeroImageProducttestscripts 31 - Files has been loaded
10-14-2019 18:31:55 HeroImageProducttestscripts.java INFO  [main] Saurabh.HeroImageProducttestscripts 42 - Starting Redirection validation
]]></system-out>
    <system-err><![CDATA[Starting ChromeDriver 77.0.3865.40 (f484704e052e0b556f8030b65b953dce96503217-refs/branch-heads/3865@{#442}) on port 42703
Only local connections are allowed.
Please protect ports used by ChromeDriver and related test frameworks to prevent access by malicious code.
[1571058098.699][WARNING]: Timed out connecting to Chrome, retrying...
Oct 14, 2019 6:31:40 PM org.openqa.selenium.remote.ProtocolHandshake createSession
INFO: Detected dialect: W3C
[1571058113.041][WARNING]: Timed out connecting to Chrome, retrying...
]]></system-err>
  </testcase>
  <testcase name="validateContents" classname="com.chauhan.Saurabh.HeroImageProducttestscripts" time="6.614"/>
  <testcase name="validateSortingFunctionality" classname="com.chauhan.Saurabh.HeroImageProducttestscripts" time="0.285"/>
  <testcase name="validateSortingByDate" classname="com.chauhan.Saurabh.HeroImageProducttestscripts" time="5.06"/>
  <testcase name="validateSortingByRating" classname="com.chauhan.Saurabh.HeroImageProducttestscripts" time="6.844"/>
  <testcase name="validateMessage" classname="com.chauhan.Saurabh.HomePageComputerPeripherals" time="2.908"/>
  <testcase name="validateProductAvilability" classname="com.chauhan.Saurabh.HomePageComputerPeripherals" time="6.712">
    <failure message="no such element: Unable to locate element: {&quot;method&quot;:&quot;css selector&quot;,&quot;selector&quot;:&quot;a#ui-id-25&quot;}&#10;  (Session info: chrome=77.0.3865.90)&#10;For documentation on this error, please visit: https://www.seleniumhq.org/exceptions/no_such_element.html&#10;Build info: version: &apos;3.141.59&apos;, revision: &apos;e82be7d358&apos;, time: &apos;2018-11-14T08:17:03&apos;&#10;System info: host: &apos;ATMECSINLT-038&apos;, ip: &apos;55.55.52.193&apos;, os.name: &apos;Windows 10&apos;, os.arch: &apos;amd64&apos;, os.version: &apos;10.0&apos;, java.version: &apos;12.0.1&apos;&#10;Driver info: org.openqa.selenium.chrome.ChromeDriver&#10;Capabilities {acceptInsecureCerts: false, browserName: chrome, browserVersion: 77.0.3865.90, chrome: {chromedriverVersion: 77.0.3865.40 (f484704e052e0..., userDataDir: C:\Users\SAURAB~1.CHA\AppDa...}, goog:chromeOptions: {debuggerAddress: localhost:53308}, javascriptEnabled: true, networkConnectionEnabled: false, pageLoadStrategy: normal, platform: XP, platformName: XP, proxy: Proxy(), setWindowRect: true, strictFileInteractability: false, timeouts: {implicit: 0, pageLoad: 300000, script: 30000}, unhandledPromptBehavior: dismiss and notify}&#10;Session ID: c3f9f030598732b22420595700f6f6d9&#10;*** Element info: {Using=css selector, value=a#ui-id-25}" type="org.openqa.selenium.NoSuchElementException">org.openqa.selenium.NoSuchElementException: 
no such element: Unable to locate element: {"method":"css selector","selector":"a#ui-id-25"}
  (Session info: chrome=77.0.3865.90)
For documentation on this error, please visit: https://www.seleniumhq.org/exceptions/no_such_element.html
Build info: version: '3.141.59', revision: 'e82be7d358', time: '2018-11-14T08:17:03'
System info: host: 'ATMECSINLT-038', ip: '55.55.52.193', os.name: 'Windows 10', os.arch: 'amd64', os.version: '10.0', java.version: '12.0.1'
Driver info: org.openqa.selenium.chrome.ChromeDriver
Capabilities {acceptInsecureCerts: false, browserName: chrome, browserVersion: 77.0.3865.90, chrome: {chromedriverVersion: 77.0.3865.40 (f484704e052e0..., userDataDir: C:\Users\SAURAB~1.CHA\AppDa...}, goog:chromeOptions: {debuggerAddress: localhost:53308}, javascriptEnabled: true, networkConnectionEnabled: false, pageLoadStrategy: normal, platform: XP, platformName: XP, proxy: Proxy(), setWindowRect: true, strictFileInteractability: false, timeouts: {implicit: 0, pageLoad: 300000, script: 30000}, unhandledPromptBehavior: dismiss and notify}
Session ID: c3f9f030598732b22420595700f6f6d9
*** Element info: {Using=css selector, value=a#ui-id-25}
	at com.chauhan.Saurabh.HomePageComputerPeripherals.validateProductAvilability(HomePageComputerPeripherals.java:71)
</failure>
    <system-out><![CDATA[1
3
Computer Peripherals
graphics cards
Matrox G200 MMS
CSS;select#top-cat-list
CSS;select#top-cat-list
CSS
select#top-cat-list
css
CSS;input#search-input
CSS
input#search-input
css
CSS;a#ui-id-25
CSS
a#ui-id-25
css
]]></system-out>
  </testcase>
  <testcase name="validatePricingSortingFunctionality" classname="com.chauhan.Saurabh.HomePageComputerPeripherals" time="11.13"/>
  <testcase name="validatePricingSortingFunctionality" classname="com.chauhan.Saurabh.HomePageComputerPeripherals" time="8.04"/>
  <testcase name="validatePricingSortingFunctionality" classname="com.chauhan.Saurabh.HomePageComputerPeripherals" time="12.545"/>
  <testcase name="validatePricingSortingFunctionality" classname="com.chauhan.Saurabh.HomePageComputerPeripherals" time="8.149"/>
  <testcase name="validatePricingSortingFunctionality" classname="com.chauhan.Saurabh.HomePageComputerPeripherals" time="9.903"/>
</testsuite>