<?xml version="1.0" encoding="UTF-8"?>
<!-- Generated by org.testng.reporters.JUnitXMLReporter -->
<testsuite ignored="0" hostname="ATMECSINLT-038" failures="1" tests="5" name="HeroImageTest" time="40.596" errors="0" timestamp="14 Oct 2019 13:02:15 GMT">
  <testcase classname="com.chauhan.Saurabh.HeroImageProducttestscripts" name="homePageRedirection" time="0.071">
    <failure type="java.lang.AssertionError" message="expected [null] but found [KonaKart]">
      <![CDATA[java.lang.AssertionError: expected [null] but found [KonaKart]
at com.chauhan.Saurabh.pages.HomePage.isRedirectionCorrect(HomePage.java:21)
at com.chauhan.Saurabh.HeroImageProducttestscripts.homePageRedirection(HeroImageProducttestscripts.java:43)
... Removed 35 stack frames]]>
    </failure>
  </testcase> <!-- homePageRedirection -->
  <testcase classname="com.chauhan.Saurabh.HeroImageProducttestscripts" name="validateContents" time="6.606"/>
  <testcase classname="com.chauhan.Saurabh.HeroImageProducttestscripts" name="validateSortingFunctionality" time="0.281"/>
  <testcase classname="com.chauhan.Saurabh.HeroImageProducttestscripts" name="validateSortingByDate" time="5.071"/>
  <testcase classname="com.chauhan.Saurabh.HeroImageProducttestscripts" name="validateSortingByRating" time="6.843"/>
</testsuite> <!-- HeroImageTest -->
